  Bitmap.cpp
..\Source\Bitmap.cpp(28): warning C4996: 'strcpy': This function or variable may be unsafe. Consider using strcpy_s instead. To disable deprecation, use _CRT_SECURE_NO_WARNINGS. See online help for details.
  C:\Program Files (x86)\Windows Kits\10\Include\10.0.10240.0\ucrt\string.h(119): note: see declaration of 'strcpy'
..\Source\Bitmap.cpp(67): warning C4018: '<': signed/unsigned mismatch
..\Source\Bitmap.cpp(73): warning C4018: '<': signed/unsigned mismatch
  Circle.cpp
c:\users\csic\documents\bicubicbspline\source\Constants.h(37): error C2062: type 'float' unexpected
  Control.cpp
..\Source\Control.cpp(20): fatal error C1083: Cannot open include file: 'GL/glut.h': No such file or directory
  Curve.cpp
..\Source\Curve.cpp(14): fatal error C1083: Cannot open include file: 'GL/glut.h': No such file or directory
  Curve1D.cpp
..\Source\Curve1D.cpp(15): fatal error C1083: Cannot open include file: 'GL/glut.h': No such file or directory
  Curve2D.cpp
..\Source\Curve2D.cpp(15): fatal error C1083: Cannot open include file: 'GL/glut.h': No such file or directory
  Curve3D.cpp
..\Source\Curve3D.cpp(15): fatal error C1083: Cannot open include file: 'GL/glut.h': No such file or directory
  Display.cpp
..\Source\Display.cpp(14): fatal error C1083: Cannot open include file: 'GL/glut.h': No such file or directory
  Main.cpp
c:\users\csic\documents\bicubicbspline\source\Control.h(20): fatal error C1083: Cannot open include file: 'GL/glut.h': No such file or directory
  Patch1D.cpp
..\Source\Patch1D.cpp(14): fatal error C1083: Cannot open include file: 'GL/glut.h': No such file or directory
  Patch3D.cpp
..\Source\Patch3D.cpp(14): fatal error C1083: Cannot open include file: 'GL/glut.h': No such file or directory
  Sphere.cpp
c:\users\csic\documents\bicubicbspline\source\Constants.h(37): error C2062: type 'float' unexpected
  Surface1D.cpp
..\Source\Surface1D.cpp(15): fatal error C1083: Cannot open include file: 'GL/glut.h': No such file or directory
  Surface3D.cpp
..\Source\Surface3D.cpp(16): fatal error C1083: Cannot open include file: 'GL/glut.h': No such file or directory
  Test.cpp
c:\users\csic\documents\bicubicbspline\source\Constants.h(37): error C2062: type 'float' unexpected
  Texture.cpp
..\Source\Texture.cpp(14): fatal error C1083: Cannot open include file: 'GL/glut.h': No such file or directory
  Vectors.cpp
c:\users\csic\documents\bicubicbspline\source\Vectors.h(21): fatal error C1083: Cannot open include file: 'GL/glut.h': No such file or directory
